4m6oH_93_16	140	0.037	0.098	0	ARVYSSGWHVSDYFDY	0.200	0.200
4rbpH_93_16	14	0.048	0.144	0	ARKGSDRLSDNDPFDA	3.720	3.720
1om3H_93_16	21	0.089	0.152	0	ARKGSDRLSDNDPFDA	3.179	3.179
5fcsL_93_16	18	0.078	0.155	0	VRHGNFGNSYVSWFAY	4.828	4.828
1zlsH_93_16	15	0.066	0.162	0	ARKGSDRLSDNDPFDA	3.608	3.608
2dqtH_93_16	17	0.072	0.171	0	ARVSHYDGSRDWYFDV	3.273	3.273
3oazM_93_16	12	0.084	0.173	0	ARKGSDRLSDNDPFDA	3.906	3.906
1op3H_93_16	15	0.076	0.175	0	ARKGSDRLSDNDPFDA	3.793	3.793
2oqjE_93_16	14	0.117	0.175	0	ARKGSDRLSDNDPFDA	4.468	4.468
1op3M_93_16	17	0.077	0.176	0	ARKGSDRLSDNDPFDA	4.446	4.446
5hcgH_93_16	27	0.070	0.181	0	TRLKEYGNYDSFYFDV	2.194	2.194
3oazH_93_16	15	0.087	0.182	0	ARKGSDRLSDNDPFDA	3.751	3.751
1om3K_93_16	26	0.098	0.190	0	ARKGSDRLSDNDPFDA	2.527	2.527
2brrY_93_16	20	0.046	0.192	0	ARDYYGSTYPYYAMDY	2.888	2.888
1zluH_93_16	15	0.130	0.197	0	ARKGSDRLSDNDPFDA	3.864	3.864
3oayM_93_16	17	0.107	0.198	0	ARKGSDRLSDNDPFDA	4.045	4.045
6n2xM_93_16	17	0.051	0.199	0	ARKGSDRLSDNDPFDA	3.650	3.650
6a0xC_93_16	23	0.103	0.199	0	ARLGTTAVERDWYFDV	1.754	1.754
1zlwM_93_16	14	0.132	0.202	0	ARKGSDRLSDNDPFDA	3.938	3.938
3ob0M_93_16	14	0.093	0.208	0	ARKGSDRLSDNDPFDA	3.903	3.903
6a0xA_93_16	23	0.113	0.208	0	ARLGTTAVERDWYFDV	1.738	1.738
3ob0H_93_16	14	0.099	0.210	0	ARKGSDRLSDNDPFDA	4.000	4.000
2oqjK_93_16	15	0.151	0.213	0	ARKGSDRLSDNDPFDA	4.248	4.248
6n2xH_93_16	15	0.069	0.213	0	ARKGSDRLSDNDPFDA	3.713	3.713
3rkdD_93_16	11	0.143	0.220	0	ARIKSVITTGDYALDY	2.235	2.235
3oauH_93_16	14	0.106	0.222	0	ARKGSDRLSDNDPFDA	3.741	3.741
1zlwH_93_16	13	0.125	0.229	0	ARKGSDRLSDNDPFDA	3.776	3.776
5fhxH_93_16	27	0.107	0.236	0	TRLKEYGNYDSFYFDV	2.324	2.324
1zluM_93_16	16	0.181	0.236	0	ARKGSDRLSDNDPFDA	3.674	3.674
3rkdH_93_16	11	0.119	0.242	0	ARIKSVITTGDYALDY	2.237	2.237
1op5M_93_16	13	0.165	0.280	0	ARKGSDRLSDNDPFDA	4.866	4.866
4dagH_93_16	37	0.246	0.412	0	ARVLSRASGMPDAFDI	3.121	3.121
